<?xml version="1.0" encoding="UTF-8"?>
<testng-results skipped="0" failed="0" ignored="0" total="2" passed="2">
  <reporter-output>
  </reporter-output>
  <suite name="Default suite" duration-ms="67217" started-at="2018-04-02T03:57:17Z" finished-at="2018-04-02T03:58:25Z">
    <groups>
    </groups>
    <test name="Default test" duration-ms="67217" started-at="2018-04-02T03:57:17Z" finished-at="2018-04-02T03:58:25Z">
      <class name="usingdatadrive.EnterData">
        <test-method status="PASS" signature="starting()[pri:0, instance:usingdatadrive.EnterData@3e6fa38a]" name="starting" is-config="true" duration-ms="20079" started-at="2018-04-02T09:27:17Z" finished-at="2018-04-02T09:27:37Z">
          <reporter-output>
          </reporter-output>
        </test-method> <!-- starting -->
        <test-method status="PASS" signature="openEnterData(java.lang.String, java.lang.Double, java.lang.String, java.lang.String, java.lang.String)[pri:0, instance:usingdatadrive.EnterData@3e6fa38a]" name="openEnterData" duration-ms="37324" started-at="2018-04-02T09:27:38Z" data-provider="formData" finished-at="2018-04-02T09:28:16Z">
          <params>
            <param index="0">
              <value>
                <![CDATA[jayaram]]>
              </value>
            </param>
            <param index="1">
              <value>
                <![CDATA[9.9093333E8]]>
              </value>
            </param>
            <param index="2">
              <value>
                <![CDATA[sample]]>
              </value>
            </param>
            <param index="3">
              <value>
                <![CDATA[address]]>
              </value>
            </param>
            <param index="4">
              <value>
                <![CDATA[chennai]]>
              </value>
            </param>
          </params>
          <reporter-output>
          </reporter-output>
        </test-method> <!-- openEnterData -->
        <test-method status="PASS" signature="openEnterData(java.lang.String, java.lang.Double, java.lang.String, java.lang.String, java.lang.String)[pri:0, instance:usingdatadrive.EnterData@3e6fa38a]" name="openEnterData" duration-ms="8987" started-at="2018-04-02T09:28:16Z" data-provider="formData" finished-at="2018-04-02T09:28:25Z">
          <params>
            <param index="0">
              <value is-null="true"/>
            </param>
            <param index="1">
              <value is-null="true"/>
            </param>
            <param index="2">
              <value is-null="true"/>
            </param>
            <param index="3">
              <value is-null="true"/>
            </param>
            <param index="4">
              <value is-null="true"/>
            </param>
          </params>
          <reporter-output>
          </reporter-output>
        </test-method> <!-- openEnterData -->
      </class> <!-- usingdatadrive.EnterData -->
    </test> <!-- Default test -->
  </suite> <!-- Default suite -->
</testng-results>
